<?xml version="1.0" encoding="UTF-8"?>
<testsuite xmlns:xsi="http://www.w3.org/2001/XMLSchema-instance" xsi:noNamespaceSchemaLocation="https://maven.apache.org/surefire/maven-surefire-plugin/xsd/surefire-test-report-3.0.xsd" version="3.0" name="TestSuite" time="165.469" tests="5" errors="0" skipped="0" failures="3">
  <properties>
[...]
</properties>
  <testcase name="basePageNavigation" classname="academy.ValidateNavBarTest" time="70.77"/>
  <testcase name="basePageNavigation" classname="academy.ValidateTitleTest" time="70.945"/>
  <testcase name="teardown" classname="academy.ValidateTitleTest" time="72.364">
    <failure message="invalid session id&#10;  (Driver info: chromedriver=2.43.600210 (68dcf5eebde37173d4027fa8635e332711d2874a),platform=Windows NT 10.0.18362 x86_64) (WARNING: The server did not provide any stacktrace information)&#10;Command duration or timeout: 0 milliseconds&#10;Build info: version: &apos;3.141.59&apos;, revision: &apos;e82be7d358&apos;, time: &apos;2018-11-14T08:17:03&apos;&#10;System info: host: &apos;SWATIPC&apos;, ip: &apos;192.168.43.78&apos;, os.name: &apos;Windows 10&apos;, os.arch: &apos;amd64&apos;, os.version: &apos;10.0&apos;, java.version: &apos;1.8.0_92&apos;&#10;Driver info: org.openqa.selenium.chrome.ChromeDriver&#10;Capabilities {acceptInsecureCerts: false, acceptSslCerts: false, applicationCacheEnabled: false, browserConnectionEnabled: false, browserName: chrome, chrome: {chromedriverVersion: 2.43.600210 (68dcf5eebde371..., userDataDir: C:\WINDOWS\TEMP\scoped_dir1...}, cssSelectorsEnabled: true, databaseEnabled: false, goog:chromeOptions: {debuggerAddress: localhost:50386}, handlesAlerts: true, hasTouchScreen: false, javascriptEnabled: true, locationContextEnabled: true, mobileEmulationEnabled: false, nativeEvents: true, networkConnectionEnabled: false, pageLoadStrategy: normal, platform: XP, platformName: XP, rotatable: false, setWindowRect: true, takesHeapSnapshot: true, takesScreenshot: true, unexpectedAlertBehaviour: , unhandledPromptBehavior: , version: 83.0.4103.106, webStorageEnabled: true}&#10;Session ID: 34e592145ac083aa1a4e8c7674446e2b" type="org.openqa.selenium.NoSuchSessionException">org.openqa.selenium.NoSuchSessionException: 
invalid session id
  (Driver info: chromedriver=2.43.600210 (68dcf5eebde37173d4027fa8635e332711d2874a),platform=Windows NT 10.0.18362 x86_64) (WARNING: The server did not provide any stacktrace information)
Command duration or timeout: 0 milliseconds
Build info: version: '3.141.59', revision: 'e82be7d358', time: '2018-11-14T08:17:03'
System info: host: 'SWATIPC', ip: '192.168.43.78', os.name: 'Windows 10', os.arch: 'amd64', os.version: '10.0', java.version: '1.8.0_92'
Driver info: org.openqa.selenium.chrome.ChromeDriver
Capabilities {acceptInsecureCerts: false, acceptSslCerts: false, applicationCacheEnabled: false, browserConnectionEnabled: false, browserName: chrome, chrome: {chromedriverVersion: 2.43.600210 (68dcf5eebde371..., userDataDir: C:\WINDOWS\TEMP\scoped_dir1...}, cssSelectorsEnabled: true, databaseEnabled: false, goog:chromeOptions: {debuggerAddress: localhost:50386}, handlesAlerts: true, hasTouchScreen: false, javascriptEnabled: true, locationContextEnabled: true, mobileEmulationEnabled: false, nativeEvents: true, networkConnectionEnabled: false, pageLoadStrategy: normal, platform: XP, platformName: XP, rotatable: false, setWindowRect: true, takesHeapSnapshot: true, takesScreenshot: true, unexpectedAlertBehaviour: , unhandledPromptBehavior: , version: 83.0.4103.106, webStorageEnabled: true}
Session ID: 34e592145ac083aa1a4e8c7674446e2b
	at academy.ValidateTitleTest.teardown(ValidateTitleTest.java:48)
</failure>
  </testcase>
  <testcase name="basePageNavigation" classname="academy.HomeTest" time="72.366">
    <failure message="invalid selector: Unable to locate an element with the xpath expression //a[@href*=&apos;sign_in&apos;] because of the following error:&#10;SyntaxError: Failed to execute &apos;evaluate&apos; on &apos;Document&apos;: The string &apos;//a[@href*=&apos;sign_in&apos;]&apos; is not a valid XPath expression.&#10;  (Session info: chrome=83.0.4103.106)&#10;  (Driver info: chromedriver=2.43.600210 (68dcf5eebde37173d4027fa8635e332711d2874a),platform=Windows NT 10.0.18362 x86_64) (WARNING: The server did not provide any stacktrace information)&#10;Command duration or timeout: 0 milliseconds&#10;For documentation on this error, please visit: https://www.seleniumhq.org/exceptions/invalid_selector_exception.html&#10;Build info: version: &apos;3.141.59&apos;, revision: &apos;e82be7d358&apos;, time: &apos;2018-11-14T08:17:03&apos;&#10;System info: host: &apos;SWATIPC&apos;, ip: &apos;192.168.43.78&apos;, os.name: &apos;Windows 10&apos;, os.arch: &apos;amd64&apos;, os.version: &apos;10.0&apos;, java.version: &apos;1.8.0_92&apos;&#10;Driver info: org.openqa.selenium.chrome.ChromeDriver&#10;Capabilities {acceptInsecureCerts: false, acceptSslCerts: false, applicationCacheEnabled: false, browserConnectionEnabled: false, browserName: chrome, chrome: {chromedriverVersion: 2.43.600210 (68dcf5eebde371..., userDataDir: C:\WINDOWS\TEMP\scoped_dir1...}, cssSelectorsEnabled: true, databaseEnabled: false, goog:chromeOptions: {debuggerAddress: localhost:50386}, handlesAlerts: true, hasTouchScreen: false, javascriptEnabled: true, locationContextEnabled: true, mobileEmulationEnabled: false, nativeEvents: true, networkConnectionEnabled: false, pageLoadStrategy: normal, platform: XP, platformName: XP, rotatable: false, setWindowRect: true, takesHeapSnapshot: true, takesScreenshot: true, unexpectedAlertBehaviour: , unhandledPromptBehavior: , version: 83.0.4103.106, webStorageEnabled: true}&#10;Session ID: 34e592145ac083aa1a4e8c7674446e2b&#10;*** Element info: {Using=xpath, value=//a[@href*=&apos;sign_in&apos;]}" type="org.openqa.selenium.InvalidSelectorException">org.openqa.selenium.InvalidSelectorException: 
invalid selector: Unable to locate an element with the xpath expression //a[@href*='sign_in'] because of the following error:
SyntaxError: Failed to execute 'evaluate' on 'Document': The string '//a[@href*='sign_in']' is not a valid XPath expression.
  (Session info: chrome=83.0.4103.106)
  (Driver info: chromedriver=2.43.600210 (68dcf5eebde37173d4027fa8635e332711d2874a),platform=Windows NT 10.0.18362 x86_64) (WARNING: The server did not provide any stacktrace information)
Command duration or timeout: 0 milliseconds
For documentation on this error, please visit: https://www.seleniumhq.org/exceptions/invalid_selector_exception.html
Build info: version: '3.141.59', revision: 'e82be7d358', time: '2018-11-14T08:17:03'
System info: host: 'SWATIPC', ip: '192.168.43.78', os.name: 'Windows 10', os.arch: 'amd64', os.version: '10.0', java.version: '1.8.0_92'
Driver info: org.openqa.selenium.chrome.ChromeDriver
Capabilities {acceptInsecureCerts: false, acceptSslCerts: false, applicationCacheEnabled: false, browserConnectionEnabled: false, browserName: chrome, chrome: {chromedriverVersion: 2.43.600210 (68dcf5eebde371..., userDataDir: C:\WINDOWS\TEMP\scoped_dir1...}, cssSelectorsEnabled: true, databaseEnabled: false, goog:chromeOptions: {debuggerAddress: localhost:50386}, handlesAlerts: true, hasTouchScreen: false, javascriptEnabled: true, locationContextEnabled: true, mobileEmulationEnabled: false, nativeEvents: true, networkConnectionEnabled: false, pageLoadStrategy: normal, platform: XP, platformName: XP, rotatable: false, setWindowRect: true, takesHeapSnapshot: true, takesScreenshot: true, unexpectedAlertBehaviour: , unhandledPromptBehavior: , version: 83.0.4103.106, webStorageEnabled: true}
Session ID: 34e592145ac083aa1a4e8c7674446e2b
*** Element info: {Using=xpath, value=//a[@href*='sign_in']}
	at academy.HomeTest.basePageNavigation(HomeTest.java:27)
</failure>
  </testcase>
  <testcase name="basePageNavigation" classname="academy.HomeTest" time="85.48">
    <failure message="invalid selector: Unable to locate an element with the xpath expression //a[@href*=&apos;sign_in&apos;] because of the following error:&#10;SyntaxError: Failed to execute &apos;evaluate&apos; on &apos;Document&apos;: The string &apos;//a[@href*=&apos;sign_in&apos;]&apos; is not a valid XPath expression.&#10;  (Session info: chrome=83.0.4103.106)&#10;  (Driver info: chromedriver=2.43.600210 (68dcf5eebde37173d4027fa8635e332711d2874a),platform=Windows NT 10.0.18362 x86_64) (WARNING: The server did not provide any stacktrace information)&#10;Command duration or timeout: 0 milliseconds&#10;For documentation on this error, please visit: https://www.seleniumhq.org/exceptions/invalid_selector_exception.html&#10;Build info: version: &apos;3.141.59&apos;, revision: &apos;e82be7d358&apos;, time: &apos;2018-11-14T08:17:03&apos;&#10;System info: host: &apos;SWATIPC&apos;, ip: &apos;192.168.43.78&apos;, os.name: &apos;Windows 10&apos;, os.arch: &apos;amd64&apos;, os.version: &apos;10.0&apos;, java.version: &apos;1.8.0_92&apos;&#10;Driver info: org.openqa.selenium.chrome.ChromeDriver&#10;Capabilities {acceptInsecureCerts: false, acceptSslCerts: false, applicationCacheEnabled: false, browserConnectionEnabled: false, browserName: chrome, chrome: {chromedriverVersion: 2.43.600210 (68dcf5eebde371..., userDataDir: C:\WINDOWS\TEMP\scoped_dir1...}, cssSelectorsEnabled: true, databaseEnabled: false, goog:chromeOptions: {debuggerAddress: localhost:50533}, handlesAlerts: true, hasTouchScreen: false, javascriptEnabled: true, locationContextEnabled: true, mobileEmulationEnabled: false, nativeEvents: true, networkConnectionEnabled: false, pageLoadStrategy: normal, platform: XP, platformName: XP, rotatable: false, setWindowRect: true, takesHeapSnapshot: true, takesScreenshot: true, unexpectedAlertBehaviour: , unhandledPromptBehavior: , version: 83.0.4103.106, webStorageEnabled: true}&#10;Session ID: 0dcff6c4ba4865c609c43e9cdd2b8939&#10;*** Element info: {Using=xpath, value=//a[@href*=&apos;sign_in&apos;]}" type="org.openqa.selenium.InvalidSelectorException">org.openqa.selenium.InvalidSelectorException: 
invalid selector: Unable to locate an element with the xpath expression //a[@href*='sign_in'] because of the following error:
SyntaxError: Failed to execute 'evaluate' on 'Document': The string '//a[@href*='sign_in']' is not a valid XPath expression.
  (Session info: chrome=83.0.4103.106)
  (Driver info: chromedriver=2.43.600210 (68dcf5eebde37173d4027fa8635e332711d2874a),platform=Windows NT 10.0.18362 x86_64) (WARNING: The server did not provide any stacktrace information)
Command duration or timeout: 0 milliseconds
For documentation on this error, please visit: https://www.seleniumhq.org/exceptions/invalid_selector_exception.html
Build info: version: '3.141.59', revision: 'e82be7d358', time: '2018-11-14T08:17:03'
System info: host: 'SWATIPC', ip: '192.168.43.78', os.name: 'Windows 10', os.arch: 'amd64', os.version: '10.0', java.version: '1.8.0_92'
Driver info: org.openqa.selenium.chrome.ChromeDriver
Capabilities {acceptInsecureCerts: false, acceptSslCerts: false, applicationCacheEnabled: false, browserConnectionEnabled: false, browserName: chrome, chrome: {chromedriverVersion: 2.43.600210 (68dcf5eebde371..., userDataDir: C:\WINDOWS\TEMP\scoped_dir1...}, cssSelectorsEnabled: true, databaseEnabled: false, goog:chromeOptions: {debuggerAddress: localhost:50533}, handlesAlerts: true, hasTouchScreen: false, javascriptEnabled: true, locationContextEnabled: true, mobileEmulationEnabled: false, nativeEvents: true, networkConnectionEnabled: false, pageLoadStrategy: normal, platform: XP, platformName: XP, rotatable: false, setWindowRect: true, takesHeapSnapshot: true, takesScreenshot: true, unexpectedAlertBehaviour: , unhandledPromptBehavior: , version: 83.0.4103.106, webStorageEnabled: true}
Session ID: 0dcff6c4ba4865c609c43e9cdd2b8939
*** Element info: {Using=xpath, value=//a[@href*='sign_in']}
	at academy.HomeTest.basePageNavigation(HomeTest.java:27)
</failure>
    <system-out><![CDATA[chrome
2020-06-22 12:23:25 DEBUG cache:44 - Couldn't find template in cache for "spark/spark.spa.ftl"("en_US", UTF-8, parsed); will try to load it.
2020-06-22 12:23:25 DEBUG cache:44 - TemplateLoader.findTemplateSource("spark/spark.spa_en_US.ftl"): Not found
2020-06-22 12:23:25 DEBUG cache:44 - TemplateLoader.findTemplateSource("spark/spark.spa_en.ftl"): Not found
2020-06-22 12:23:25 DEBUG cache:44 - TemplateLoader.findTemplateSource("spark/spark.spa.ftl"): Found
2020-06-22 12:23:25 DEBUG cache:44 - Loading template for "spark/spark.spa.ftl"("en_US", UTF-8, parsed) from "jar:file:/C:/Windows/system32/config/systemprofile/.m2/repository/com/aventstack/extentreports/4.1.6/extentreports-4.1.6.jar!/com/aventstack/extentreports/view/spark/spark.spa.ftl"
2020-06-22 12:23:26 DEBUG cache:44 - Couldn't find template in cache for "commons/commons-variables.ftl"("en_US", UTF-8, parsed); will try to load it.
2020-06-22 12:23:26 DEBUG cache:44 - TemplateLoader.findTemplateSource("commons/commons-variables_en_US.ftl"): Not found
2020-06-22 12:23:26 DEBUG cache:44 - TemplateLoader.findTemplateSource("commons/commons-variables_en.ftl"): Not found
2020-06-22 12:23:26 DEBUG cache:44 - TemplateLoader.findTemplateSource("commons/commons-variables.ftl"): Found
2020-06-22 12:23:26 DEBUG cache:44 - Loading template for "commons/commons-variables.ftl"("en_US", UTF-8, parsed) from "jar:file:/C:/Windows/system32/config/systemprofile/.m2/repository/com/aventstack/extentreports/4.1.6/extentreports-4.1.6.jar!/com/aventstack/extentreports/view/commons/commons-variables.ftl"
2020-06-22 12:23:28 DEBUG cache:44 - Couldn't find template in cache for "commons/commons-macros.ftl"("en_US", UTF-8, parsed); will try to load it.
2020-06-22 12:23:28 DEBUG cache:44 - TemplateLoader.findTemplateSource("commons/commons-macros_en_US.ftl"): Not found
2020-06-22 12:23:28 DEBUG cache:44 - TemplateLoader.findTemplateSource("commons/commons-macros_en.ftl"): Not found
2020-06-22 12:23:28 DEBUG cache:44 - TemplateLoader.findTemplateSource("commons/commons-macros.ftl"): Found
2020-06-22 12:23:28 DEBUG cache:44 - Loading template for "commons/commons-macros.ftl"("en_US", UTF-8, parsed) from "jar:file:/C:/Windows/system32/config/systemprofile/.m2/repository/com/aventstack/extentreports/4.1.6/extentreports-4.1.6.jar!/com/aventstack/extentreports/view/commons/commons-macros.ftl"
2020-06-22 12:23:28 DEBUG cache:44 - Couldn't find template in cache for "spark/macros/attributes.ftl"("en_US", UTF-8, parsed); will try to load it.
2020-06-22 12:23:28 DEBUG cache:44 - TemplateLoader.findTemplateSource("spark/macros/attributes_en_US.ftl"): Not found
2020-06-22 12:23:28 DEBUG cache:44 - TemplateLoader.findTemplateSource("spark/macros/attributes_en.ftl"): Not found
2020-06-22 12:23:28 DEBUG cache:44 - TemplateLoader.findTemplateSource("spark/macros/attributes.ftl"): Found
2020-06-22 12:23:28 DEBUG cache:44 - Loading template for "spark/macros/attributes.ftl"("en_US", UTF-8, parsed) from "jar:file:/C:/Windows/system32/config/systemprofile/.m2/repository/com/aventstack/extentreports/4.1.6/extentreports-4.1.6.jar!/com/aventstack/extentreports/view/spark/macros/attributes.ftl"
2020-06-22 12:23:28 DEBUG cache:44 - Couldn't find template in cache for "spark/macros/log.ftl"("en_US", UTF-8, parsed); will try to load it.
2020-06-22 12:23:28 DEBUG cache:44 - TemplateLoader.findTemplateSource("spark/macros/log_en_US.ftl"): Not found
2020-06-22 12:23:28 DEBUG cache:44 - TemplateLoader.findTemplateSource("spark/macros/log_en.ftl"): Not found
2020-06-22 12:23:28 DEBUG cache:44 - TemplateLoader.findTemplateSource("spark/macros/log.ftl"): Found
2020-06-22 12:23:28 DEBUG cache:44 - Loading template for "spark/macros/log.ftl"("en_US", UTF-8, parsed) from "jar:file:/C:/Windows/system32/config/systemprofile/.m2/repository/com/aventstack/extentreports/4.1.6/extentreports-4.1.6.jar!/com/aventstack/extentreports/view/spark/macros/log.ftl"
2020-06-22 12:23:28 DEBUG cache:44 - Couldn't find template in cache for "spark/macros/recurse_nodes.ftl"("en_US", UTF-8, parsed); will try to load it.
2020-06-22 12:23:28 DEBUG cache:44 - TemplateLoader.findTemplateSource("spark/macros/recurse_nodes_en_US.ftl"): Not found
2020-06-22 12:23:28 DEBUG cache:44 - TemplateLoader.findTemplateSource("spark/macros/recurse_nodes_en.ftl"): Not found
2020-06-22 12:23:28 DEBUG cache:44 - TemplateLoader.findTemplateSource("spark/macros/recurse_nodes.ftl"): Found
2020-06-22 12:23:28 DEBUG cache:44 - Loading template for "spark/macros/recurse_nodes.ftl"("en_US", UTF-8, parsed) from "jar:file:/C:/Windows/system32/config/systemprofile/.m2/repository/com/aventstack/extentreports/4.1.6/extentreports-4.1.6.jar!/com/aventstack/extentreports/view/spark/macros/recurse_nodes.ftl"
2020-06-22 12:23:28 DEBUG cache:44 - "spark/macros/log.ftl"("en_US", UTF-8, parsed) cached copy not yet stale; using cached.
2020-06-22 12:23:29 DEBUG cache:44 - Couldn't find template in cache for "spark/partials/head.ftl"("en_US", UTF-8, parsed); will try to load it.
2020-06-22 12:23:29 DEBUG cache:44 - TemplateLoader.findTemplateSource("spark/partials/head_en_US.ftl"): Not found
2020-06-22 12:23:29 DEBUG cache:44 - TemplateLoader.findTemplateSource("spark/partials/head_en.ftl"): Not found
2020-06-22 12:23:29 DEBUG cache:44 - TemplateLoader.findTemplateSource("spark/partials/head.ftl"): Found
2020-06-22 12:23:29 DEBUG cache:44 - Loading template for "spark/partials/head.ftl"("en_US", UTF-8, parsed) from "jar:file:/C:/Windows/system32/config/systemprofile/.m2/repository/com/aventstack/extentreports/4.1.6/extentreports-4.1.6.jar!/com/aventstack/extentreports/view/spark/partials/head.ftl"
2020-06-22 12:23:29 DEBUG cache:44 - Couldn't find template in cache for "commons/commons-inject-css.ftl"("en_US", UTF-8, parsed); will try to load it.
2020-06-22 12:23:29 DEBUG cache:44 - TemplateLoader.findTemplateSource("commons/commons-inject-css_en_US.ftl"): Not found
2020-06-22 12:23:29 DEBUG cache:44 - TemplateLoader.findTemplateSource("commons/commons-inject-css_en.ftl"): Not found
2020-06-22 12:23:29 DEBUG cache:44 - TemplateLoader.findTemplateSource("commons/commons-inject-css.ftl"): Found
2020-06-22 12:23:29 DEBUG cache:44 - Loading template for "commons/commons-inject-css.ftl"("en_US", UTF-8, parsed) from "jar:file:/C:/Windows/system32/config/systemprofile/.m2/repository/com/aventstack/extentreports/4.1.6/extentreports-4.1.6.jar!/com/aventstack/extentreports/view/commons/commons-inject-css.ftl"
2020-06-22 12:23:29 DEBUG cache:44 - Couldn't find template in cache for "spark/partials/navbar.ftl"("en_US", UTF-8, parsed); will try to load it.
2020-06-22 12:23:29 DEBUG cache:44 - TemplateLoader.findTemplateSource("spark/partials/navbar_en_US.ftl"): Not found
2020-06-22 12:23:29 DEBUG cache:44 - TemplateLoader.findTemplateSource("spark/partials/navbar_en.ftl"): Not found
2020-06-22 12:23:29 DEBUG cache:44 - TemplateLoader.findTemplateSource("spark/partials/navbar.ftl"): Found
2020-06-22 12:23:29 DEBUG cache:44 - Loading template for "spark/partials/navbar.ftl"("en_US", UTF-8, parsed) from "jar:file:/C:/Windows/system32/config/systemprofile/.m2/repository/com/aventstack/extentreports/4.1.6/extentreports-4.1.6.jar!/com/aventstack/extentreports/view/spark/partials/navbar.ftl"
2020-06-22 12:23:29 DEBUG cache:44 - Couldn't find template in cache for "spark/partials/sidenav.ftl"("en_US", UTF-8, parsed); will try to load it.
2020-06-22 12:23:29 DEBUG cache:44 - TemplateLoader.findTemplateSource("spark/partials/sidenav_en_US.ftl"): Not found
2020-06-22 12:23:29 DEBUG cache:44 - TemplateLoader.findTemplateSource("spark/partials/sidenav_en.ftl"): Not found
2020-06-22 12:23:29 DEBUG cache:44 - TemplateLoader.findTemplateSource("spark/partials/sidenav.ftl"): Found
2020-06-22 12:23:29 DEBUG cache:44 - Loading template for "spark/partials/sidenav.ftl"("en_US", UTF-8, parsed) from "jar:file:/C:/Windows/system32/config/systemprofile/.m2/repository/com/aventstack/extentreports/4.1.6/extentreports-4.1.6.jar!/com/aventstack/extentreports/view/spark/partials/sidenav.ftl"
2020-06-22 12:23:29 DEBUG cache:44 - Couldn't find template in cache for "spark/partials/test.ftl"("en_US", UTF-8, parsed); will try to load it.
2020-06-22 12:23:29 DEBUG cache:44 - TemplateLoader.findTemplateSource("spark/partials/test_en_US.ftl"): Not found
2020-06-22 12:23:29 DEBUG cache:44 - TemplateLoader.findTemplateSource("spark/partials/test_en.ftl"): Not found
2020-06-22 12:23:29 DEBUG cache:44 - TemplateLoader.findTemplateSource("spark/partials/test.ftl"): Found
2020-06-22 12:23:29 DEBUG cache:44 - Loading template for "spark/partials/test.ftl"("en_US", UTF-8, parsed) from "jar:file:/C:/Windows/system32/config/systemprofile/.m2/repository/com/aventstack/extentreports/4.1.6/extentreports-4.1.6.jar!/com/aventstack/extentreports/view/spark/partials/test.ftl"
2020-06-22 12:23:29 DEBUG cache:44 - Couldn't find template in cache for "spark/partials/standard-content.ftl"("en_US", UTF-8, parsed); will try to load it.
2020-06-22 12:23:29 DEBUG cache:44 - TemplateLoader.findTemplateSource("spark/partials/standard-content_en_US.ftl"): Not found
2020-06-22 12:23:29 DEBUG cache:44 - TemplateLoader.findTemplateSource("spark/partials/standard-content_en.ftl"): Not found
2020-06-22 12:23:29 DEBUG cache:44 - TemplateLoader.findTemplateSource("spark/partials/standard-content.ftl"): Found
2020-06-22 12:23:29 DEBUG cache:44 - Loading template for "spark/partials/standard-content.ftl"("en_US", UTF-8, parsed) from "jar:file:/C:/Windows/system32/config/systemprofile/.m2/repository/com/aventstack/extentreports/4.1.6/extentreports-4.1.6.jar!/com/aventstack/extentreports/view/spark/partials/standard-content.ftl"
2020-06-22 12:23:29 DEBUG cache:44 - "spark/partials/standard-content.ftl"("en_US", UTF-8, parsed) cached copy not yet stale; using cached.
2020-06-22 12:23:29 DEBUG cache:44 - "spark/partials/standard-content.ftl"("en_US", UTF-8, parsed) cached copy not yet stale; using cached.
2020-06-22 12:23:29 DEBUG cache:44 - "spark/partials/standard-content.ftl"("en_US", UTF-8, parsed) cached copy not yet stale; using cached.
2020-06-22 12:23:29 DEBUG cache:44 - Couldn't find template in cache for "spark/partials/exception.ftl"("en_US", UTF-8, parsed); will try to load it.
2020-06-22 12:23:29 DEBUG cache:44 - TemplateLoader.findTemplateSource("spark/partials/exception_en_US.ftl"): Not found
2020-06-22 12:23:29 DEBUG cache:44 - TemplateLoader.findTemplateSource("spark/partials/exception_en.ftl"): Not found
2020-06-22 12:23:29 DEBUG cache:44 - TemplateLoader.findTemplateSource("spark/partials/exception.ftl"): Found
2020-06-22 12:23:29 DEBUG cache:44 - Loading template for "spark/partials/exception.ftl"("en_US", UTF-8, parsed) from "jar:file:/C:/Windows/system32/config/systemprofile/.m2/repository/com/aventstack/extentreports/4.1.6/extentreports-4.1.6.jar!/com/aventstack/extentreports/view/spark/partials/exception.ftl"
2020-06-22 12:23:29 DEBUG cache:44 - Couldn't find template in cache for "spark/partials/dashboard.ftl"("en_US", UTF-8, parsed); will try to load it.
2020-06-22 12:23:29 DEBUG cache:44 - TemplateLoader.findTemplateSource("spark/partials/dashboard_en_US.ftl"): Not found
2020-06-22 12:23:29 DEBUG cache:44 - TemplateLoader.findTemplateSource("spark/partials/dashboard_en.ftl"): Not found
2020-06-22 12:23:29 DEBUG cache:44 - TemplateLoader.findTemplateSource("spark/partials/dashboard.ftl"): Found
2020-06-22 12:23:29 DEBUG cache:44 - Loading template for "spark/partials/dashboard.ftl"("en_US", UTF-8, parsed) from "jar:file:/C:/Windows/system32/config/systemprofile/.m2/repository/com/aventstack/extentreports/4.1.6/extentreports-4.1.6.jar!/com/aventstack/extentreports/view/spark/partials/dashboard.ftl"
2020-06-22 12:23:29 DEBUG cache:44 - Couldn't find template in cache for "spark/partials/scripts.ftl"("en_US", UTF-8, parsed); will try to load it.
2020-06-22 12:23:29 DEBUG cache:44 - TemplateLoader.findTemplateSource("spark/partials/scripts_en_US.ftl"): Not found
2020-06-22 12:23:29 DEBUG cache:44 - TemplateLoader.findTemplateSource("spark/partials/scripts_en.ftl"): Not found
2020-06-22 12:23:29 DEBUG cache:44 - TemplateLoader.findTemplateSource("spark/partials/scripts.ftl"): Found
2020-06-22 12:23:29 DEBUG cache:44 - Loading template for "spark/partials/scripts.ftl"("en_US", UTF-8, parsed) from "jar:file:/C:/Windows/system32/config/systemprofile/.m2/repository/com/aventstack/extentreports/4.1.6/extentreports-4.1.6.jar!/com/aventstack/extentreports/view/spark/partials/scripts.ftl"
2020-06-22 12:23:29 DEBUG cache:44 - Couldn't find template in cache for "commons/commons-inject-js.ftl"("en_US", UTF-8, parsed); will try to load it.
2020-06-22 12:23:29 DEBUG cache:44 - TemplateLoader.findTemplateSource("commons/commons-inject-js_en_US.ftl"): Not found
2020-06-22 12:23:29 DEBUG cache:44 - TemplateLoader.findTemplateSource("commons/commons-inject-js_en.ftl"): Not found
2020-06-22 12:23:29 DEBUG cache:44 - TemplateLoader.findTemplateSource("commons/commons-inject-js.ftl"): Found
2020-06-22 12:23:29 DEBUG cache:44 - Loading template for "commons/commons-inject-js.ftl"("en_US", UTF-8, parsed) from "jar:file:/C:/Windows/system32/config/systemprofile/.m2/repository/com/aventstack/extentreports/4.1.6/extentreports-4.1.6.jar!/com/aventstack/extentreports/view/commons/commons-inject-js.ftl"
2020-06-22 12:23:29 DEBUG cache:44 - "spark/spark.spa.ftl"("en_US", UTF-8, parsed) cached copy not yet stale; using cached.
2020-06-22 12:23:29 DEBUG cache:44 - "commons/commons-variables.ftl"("en_US", UTF-8, parsed) cached copy not yet stale; using cached.
2020-06-22 12:23:29 DEBUG cache:44 - "commons/commons-macros.ftl"("en_US", UTF-8, parsed) cached copy not yet stale; using cached.
2020-06-22 12:23:29 DEBUG cache:44 - "spark/macros/attributes.ftl"("en_US", UTF-8, parsed) cached copy not yet stale; using cached.
2020-06-22 12:23:29 DEBUG cache:44 - "spark/macros/log.ftl"("en_US", UTF-8, parsed) cached copy not yet stale; using cached.
2020-06-22 12:23:29 DEBUG cache:44 - "spark/macros/recurse_nodes.ftl"("en_US", UTF-8, parsed) cached copy not yet stale; using cached.
2020-06-22 12:23:29 DEBUG cache:44 - "spark/macros/log.ftl"("en_US", UTF-8, parsed) cached copy not yet stale; using cached.
2020-06-22 12:23:29 DEBUG cache:44 - "spark/partials/head.ftl"("en_US", UTF-8, parsed) cached copy not yet stale; using cached.
2020-06-22 12:23:29 DEBUG cache:44 - "commons/commons-inject-css.ftl"("en_US", UTF-8, parsed) cached copy not yet stale; using cached.
2020-06-22 12:23:29 DEBUG cache:44 - "spark/partials/navbar.ftl"("en_US", UTF-8, parsed) cached copy not yet stale; using cached.
2020-06-22 12:23:29 DEBUG cache:44 - "spark/partials/sidenav.ftl"("en_US", UTF-8, parsed) cached copy not yet stale; using cached.
2020-06-22 12:23:29 DEBUG cache:44 - "spark/partials/test.ftl"("en_US", UTF-8, parsed) cached copy not yet stale; using cached.
2020-06-22 12:23:29 DEBUG cache:44 - "spark/partials/standard-content.ftl"("en_US", UTF-8, parsed) cached copy not yet stale; using cached.
2020-06-22 12:23:29 DEBUG cache:44 - "spark/partials/standard-content.ftl"("en_US", UTF-8, parsed) cached copy not yet stale; using cached.
2020-06-22 12:23:29 DEBUG cache:44 - "spark/partials/standard-content.ftl"("en_US", UTF-8, parsed) cached copy not yet stale; using cached.
2020-06-22 12:23:29 DEBUG cache:44 - "spark/partials/standard-content.ftl"("en_US", UTF-8, parsed) cached copy not yet stale; using cached.
2020-06-22 12:23:29 DEBUG cache:44 - "spark/partials/exception.ftl"("en_US", UTF-8, parsed) cached copy not yet stale; using cached.
2020-06-22 12:23:29 DEBUG cache:44 - "spark/partials/dashboard.ftl"("en_US", UTF-8, parsed) cached copy not yet stale; using cached.
2020-06-22 12:23:29 DEBUG cache:44 - "spark/partials/scripts.ftl"("en_US", UTF-8, parsed) cached copy not yet stale; using cached.
2020-06-22 12:23:29 DEBUG cache:44 - "commons/commons-inject-js.ftl"("en_US", UTF-8, parsed) cached copy not yet stale; using cached.
]]></system-out>
    <system-err><![CDATA[Starting ChromeDriver 2.43.600210 (68dcf5eebde37173d4027fa8635e332711d2874a) on port 34241
Only local connections are allowed.
[1592808809.425][WARNING]: Timed out connecting to Chrome, retrying...
Jun 22, 2020 12:23:34 PM org.openqa.selenium.remote.ProtocolHandshake createSession
INFO: Detected dialect: OSS
[1592808842.751][SEVERE]: Timed out receiving message from renderer: 7.430
[1592808842.751][WARNING]: screenshot failed, retrying
[1592808852.754][SEVERE]: Timed out receiving message from renderer: 8.143
[1592808863.315][SEVERE]: Timed out receiving message from renderer: 10.000
[1592808863.321][WARNING]: screenshot failed, retrying
[1592808873.322][SEVERE]: Timed out receiving message from renderer: 9.999
[1592808883.507][SEVERE]: Timed out receiving message from renderer: 9.999
[1592808883.508][WARNING]: screenshot failed, retrying
]]></system-err>
  </testcase>
</testsuite>